D:\VS\OPENGL\DEBUG\OPENGL.EXE
D:\VS\OPENGL\DEBUG\OPENGL.ILK
D:\VS\OPENGL\DEBUG\OPENGL.PDB
D:\VS\opengl\opengl\Debug\cl.command.1.tlog
D:\VS\opengl\opengl\Debug\CL.read.1.tlog
D:\VS\opengl\opengl\Debug\CL.write.1.tlog
D:\VS\opengl\opengl\Debug\link.6828.read.1.tlog
D:\VS\opengl\opengl\Debug\link.6828.write.1.tlog
D:\VS\opengl\opengl\Debug\link.6828-cvtres.read.1.tlog
D:\VS\opengl\opengl\Debug\link.6828-cvtres.write.1.tlog
D:\VS\opengl\opengl\Debug\link.command.1.tlog
D:\VS\opengl\opengl\Debug\link.read.1.tlog
D:\VS\opengl\opengl\Debug\link.write.1.tlog
D:\VS\opengl\opengl\Debug\link-cvtres.read.1.tlog
D:\VS\opengl\opengl\Debug\link-cvtres.write.1.tlog
D:\VS\OPENGL\OPENGL\DEBUG\MAIN.OBJ
D:\VS\opengl\opengl\Debug\mt.command.1.tlog
D:\VS\opengl\opengl\Debug\mt.read.1.tlog
D:\VS\opengl\opengl\Debug\mt.write.1.tlog
D:\VS\OPENGL\OPENGL\DEBUG\OPENGL.EXE.EMBED.MANIFEST
D:\VS\OPENGL\OPENGL\DEBUG\OPENGL.EXE.EMBED.MANIFEST.RES
D:\VS\OPENGL\OPENGL\DEBUG\OPENGL.EXE.INTERMEDIATE.MANIFEST
D:\VS\opengl\opengl\Debug\opengl_manifest.rc
D:\VS\opengl\opengl\Debug\rc.command.1.tlog
D:\VS\opengl\opengl\Debug\rc.read.1.tlog
D:\VS\opengl\opengl\Debug\rc.write.1.tlog
D:\VS\opengl\opengl\Debug\vc100.idb
D:\VS\OPENGL\OPENGL\DEBUG\VC100.PDB
